INFO: [VRFC 10-163] Analyzing VHDL file "C:/hlocal/Practica6/MIPSMulticiclo_R3yModoDepuracion.sim/sim_1/impl/func/xsim/TestBenchMIPSMulticiclo_func_impl.vhd" into library xil_defaultlib
INFO: [VRFC 10-3107] analyzing entity 'ALU'
INFO: [VRFC 10-3107] analyzing entity 'DCM_100MHz_10MHz_DCM_100MHz_10MHz_clk_wiz'
INFO: [VRFC 10-3107] analyzing entity 'bancoDeRegistros'
INFO: [VRFC 10-3107] analyzing entity 'debouncer'
INFO: [VRFC 10-3107] analyzing entity 'displays'
INFO: [VRFC 10-3107] analyzing entity 'registro'
INFO: [VRFC 10-3107] analyzing entity 'registro_0'
INFO: [VRFC 10-3107] analyzing entity 'registro_1'
INFO: [VRFC 10-3107] analyzing entity 'registro_2'
INFO: [VRFC 10-3107] analyzing entity 'registro_3'
INFO: [VRFC 10-3107] analyzing entity 'unidadDeControl'
INFO: [VRFC 10-3107] analyzing entity 'mem32x512_blk_mem_gen_prim_wrapper_init'
INFO: [VRFC 10-3107] analyzing entity 'DCM_100MHz_10MHz'
INFO: [VRFC 10-3107] analyzing entity 'mem32x512_blk_mem_gen_prim_width'
INFO: [VRFC 10-3107] analyzing entity 'mem32x512_blk_mem_gen_generic_cstr'
INFO: [VRFC 10-3107] analyzing entity 'mem32x512_blk_mem_gen_top'
INFO: [VRFC 10-3107] analyzing entity 'mem32x512_blk_mem_gen_v8_4_3_synth'
INFO: [VRFC 10-3107] analyzing entity 'mem32x512_blk_mem_gen_v8_4_3'
INFO: [VRFC 10-3107] analyzing entity 'mem32x512'
INFO: [VRFC 10-3107] analyzing entity 'memoria'
INFO: [VRFC 10-3107] analyzing entity 'rutaDeDatos'
INFO: [VRFC 10-3107] analyzing entity 'MIPSMulticiclo'
INFO: [VRFC 10-163] Analyzing VHDL file "C:/hlocal/Practica6/ficheros/TestBenchMIPSMulticiclo.vhd" into library xil_defaultlib
INFO: [VRFC 10-3107] analyzing entity 'TestBenchMIPSMulticiclo'
