Vivado Simulator 2019.1
Copyright 1986-1999, 2001-2019 Xilinx, Inc. All Rights Reserved.
Running: C:/Xilinx/Vivado/2019.1/bin/unwrapped/win64.o/xelab.exe -wto 27487a3b62c247ce8013a612ecaeb022 --incr --debug typical --relax --mt 2 -L xil_defaultlib -L unisims_ver -L secureip --snapshot TestBenchMIPSMulticiclo_func_impl xil_defaultlib.TestBenchMIPSMulticiclo xil_defaultlib.glbl -log elaborate.log 
Using 2 slave threads.
Starting static elaboration
Completed static elaboration
Starting simulation data flow analysis
Completed simulation data flow analysis
Time Resolution for simulation is 1ps
Compiling package std.standard
Compiling package std.textio
Compiling package ieee.std_logic_1164
Compiling package ieee.numeric_std
Compiling package unisim.vcomponents
Compiling package ieee.vital_timing
Compiling package ieee.vital_primitives
Compiling package unisim.vpkg
Compiling package ieee.std_logic_arith
Compiling package ieee.std_logic_signed
Compiling package ieee.std_logic_textio
Compiling module xil_defaultlib.glbl
Compiling architecture lut6_v of entity unisim.LUT6 [\LUT6(init="00000000000000000000...]
Compiling architecture lut6_v of entity unisim.LUT6 [\LUT6(init="00000000000000000000...]
Compiling architecture lut5_v of entity unisim.LUT5 [\LUT5(init="11111111111110101100...]
Compiling architecture lut3_v of entity unisim.LUT3 [\LUT3(init="10111000")(0,7)\]
Compiling architecture lut3_v of entity unisim.LUT3 [\LUT3(init="00000001")(0,7)\]
Compiling architecture lut6_v of entity unisim.LUT6 [\LUT6(init="11111111111111111111...]
Compiling architecture carry4_v of entity unisim.CARRY4 [carry4_default]
Compiling architecture lut4_v of entity unisim.LUT4 [\LUT4(init="0000000001010011")(0...]
Compiling architecture lut3_v of entity unisim.LUT3 [\LUT3(init="01000111")(0,7)\]
Compiling architecture lut3_v of entity unisim.LUT3 [\LUT3(init="00011101")(0,7)\]
Compiling architecture lut5_v of entity unisim.LUT5 [\LUT5(init="10111000101110111011...]
Compiling architecture lut6_v of entity unisim.LUT6 [\LUT6(init="11110000000000001010...]
Compiling architecture lut6_v of entity unisim.LUT6 [\LUT6(init="00010001011101110001...]
Compiling architecture lut6_v of entity unisim.LUT6 [\LUT6(init="00000000000000000000...]
Compiling architecture lut2_v of entity unisim.LUT2 [\LUT2(init="0010")(0,3)\]
Compiling architecture lut6_v of entity unisim.LUT6 [\LUT6(init="00100010101110110010...]
Compiling architecture muxf7_v of entity unisim.MUXF7 [muxf7_default]
Compiling architecture structure of entity xil_defaultlib.ALU [alu_default]
Compiling architecture fdce_v of entity unisim.FDCE [fdce_default]
Compiling architecture lut6_v of entity unisim.LUT6 [\LUT6(init="10101011101010101011...]
Compiling architecture lut6_v of entity unisim.LUT6 [\LUT6(init="00000000000100000001...]
Compiling architecture lut6_v of entity unisim.LUT6 [\LUT6(init="11111111111111111111...]
Compiling architecture lut6_v of entity unisim.LUT6 [\LUT6(init="00010000000100000000...]
Compiling architecture lut6_v of entity unisim.LUT6 [\LUT6(init="11111111111111111111...]
Compiling architecture lut6_v of entity unisim.LUT6 [\LUT6(init="11111111111111111111...]
Compiling architecture lut6_v of entity unisim.LUT6 [\LUT6(init="11111111111111111111...]
Compiling architecture lut6_v of entity unisim.LUT6 [\LUT6(init="00010000000000010000...]
Compiling architecture lut6_v of entity unisim.LUT6 [\LUT6(init="11111111111111111111...]
Compiling architecture lut6_v of entity unisim.LUT6 [\LUT6(init="11111111111111111111...]
Compiling architecture lut6_v of entity unisim.LUT6 [\LUT6(init="11111111111111111111...]
Compiling architecture lut6_v of entity unisim.LUT6 [\LUT6(init="00000001000000000001...]
Compiling architecture lut3_v of entity unisim.LUT3 [\LUT3(init="11111110")(0,7)\]
Compiling architecture lut6_v of entity unisim.LUT6 [\LUT6(init="00000000000000000000...]
Compiling architecture lut6_v of entity unisim.LUT6 [\LUT6(init="00000000000000000000...]
Compiling architecture lut6_v of entity unisim.LUT6 [\LUT6(init="10101111101000001100...]
Compiling architecture structure of entity xil_defaultlib.bancoDeRegistros [bancoderegistros_default]
Compiling architecture rb18_internal_vhdl_v of entity unisim.RB18_INTERNAL_VHDL [\RB18_INTERNAL_VHDL(bram_size=18...]
Compiling architecture ramb18e1_v of entity unisim.RAMB18E1 [\RAMB18E1(init_00="0000000000100...]
Compiling architecture structure of entity xil_defaultlib.mem32x512_blk_mem_gen_prim_wrapper_init [mem32x512_blk_mem_gen_prim_wrapp...]
Compiling architecture structure of entity xil_defaultlib.mem32x512_blk_mem_gen_prim_width [mem32x512_blk_mem_gen_prim_width...]
Compiling architecture structure of entity xil_defaultlib.mem32x512_blk_mem_gen_generic_cstr [mem32x512_blk_mem_gen_generic_cs...]
Compiling architecture structure of entity xil_defaultlib.mem32x512_blk_mem_gen_top [mem32x512_blk_mem_gen_top_defaul...]
Compiling architecture structure of entity xil_defaultlib.mem32x512_blk_mem_gen_v8_4_3_synth [mem32x512_blk_mem_gen_v8_4_3_syn...]
Compiling architecture structure of entity xil_defaultlib.mem32x512_blk_mem_gen_v8_4_3 [mem32x512_blk_mem_gen_v8_4_3_def...]
Compiling architecture structure of entity xil_defaultlib.mem32x512 [mem32x512_default]
Compiling architecture structure of entity xil_defaultlib.memoria [memoria_default]
Compiling architecture lut4_v of entity unisim.LUT4 [\LUT4(init="0100011110111000")(0...]
Compiling architecture lut4_v of entity unisim.LUT4 [\LUT4(init="1011100001000111")(0...]
Compiling architecture lut6_v of entity unisim.LUT6 [\LUT6(init="01000111101110000100...]
Compiling architecture lut6_v of entity unisim.LUT6 [\LUT6(init="01000111101110001011...]
Compiling architecture lut6_v of entity unisim.LUT6 [\LUT6(init="10111000101110000100...]
Compiling architecture structure of entity xil_defaultlib.registro [registro_default]
Compiling architecture structure of entity xil_defaultlib.registro_0 [registro_0_default]
Compiling architecture lut6_v of entity unisim.LUT6 [\LUT6(init="01110101100010100111...]
Compiling architecture lut6_v of entity unisim.LUT6 [\LUT6(init="01110101011101010111...]
Compiling architecture structure of entity xil_defaultlib.registro_1 [registro_1_default]
Compiling architecture lut3_v of entity unisim.LUT3 [\LUT3(init="00001000")(0,7)\]
Compiling architecture lut5_v of entity unisim.LUT5 [\LUT5(init="00000000000000000000...]
Compiling architecture lut6_v of entity unisim.LUT6 [\LUT6(init="00000000000000000000...]
Compiling architecture lut4_v of entity unisim.LUT4 [\LUT4(init="1111111111111110")(0...]
Compiling architecture lut5_v of entity unisim.LUT5 [\LUT5(init="00000000000000000000...]
Compiling architecture lut3_v of entity unisim.LUT3 [\LUT3(init="11111011")(0,7)\]
Compiling architecture lut6_v of entity unisim.LUT6 [\LUT6(init="11111111111111111111...]
Compiling architecture lut6_v of entity unisim.LUT6 [\LUT6(init="00000000000000000000...]
Compiling architecture lut6_v of entity unisim.LUT6 [\LUT6(init="00000000000000000000...]
Compiling architecture lut3_v of entity unisim.LUT3 [\LUT3(init="00000010")(0,7)\]
Compiling architecture lut4_v of entity unisim.LUT4 [\LUT4(init="0000000000000010")(0...]
Compiling architecture lut4_v of entity unisim.LUT4 [\LUT4(init="0000000000001000")(0...]
Compiling architecture lut5_v of entity unisim.LUT5 [\LUT5(init="00000011111100111111...]
Compiling architecture lut6_v of entity unisim.LUT6 [\LUT6(init="10101010101001010101...]
Compiling architecture lut6_v of entity unisim.LUT6 [\LUT6(init="10100101010101011010...]
Compiling architecture lut5_v of entity unisim.LUT5 [\LUT5(init="11001111110000000000...]
Compiling architecture lut6_v of entity unisim.LUT6 [\LUT6(init="01011010010101010101...]
Compiling architecture lut5_v of entity unisim.LUT5 [\LUT5(init="00110011010101011111...]
Compiling architecture lut5_v of entity unisim.LUT5 [\LUT5(init="10111011111111001000...]
Compiling architecture lut6_v of entity unisim.LUT6 [\LUT6(init="00000000000000000000...]
Compiling architecture lut6_v of entity unisim.LUT6 [\LUT6(init="00000000000000000000...]
Compiling architecture lut6_v of entity unisim.LUT6 [\LUT6(init="11101110111111111111...]
Compiling architecture lut6_v of entity unisim.LUT6 [\LUT6(init="10101000000010000000...]
Compiling architecture lut6_v of entity unisim.LUT6 [\LUT6(init="00000010000000000000...]
Compiling architecture lut6_v of entity unisim.LUT6 [\LUT6(init="00000000000000000010...]
Compiling architecture lut6_v of entity unisim.LUT6 [\LUT6(init="00000000000000000000...]
Compiling architecture lut6_v of entity unisim.LUT6 [\LUT6(init="00000000000000000000...]
Compiling architecture lut5_v of entity unisim.LUT5 [\LUT5(init="00000000000010101100...]
Compiling architecture lut6_v of entity unisim.LUT6 [\LUT6(init="00000000000000000000...]
Compiling architecture lut5_v of entity unisim.LUT5 [\LUT5(init="00001000000000000000...]
Compiling architecture lut6_v of entity unisim.LUT6 [\LUT6(init="00000000000000000000...]
Compiling architecture lut5_v of entity unisim.LUT5 [\LUT5(init="01000111000000000000...]
Compiling architecture lut6_v of entity unisim.LUT6 [\LUT6(init="00001100000000000000...]
Compiling architecture lut5_v of entity unisim.LUT5 [\LUT5(init="00100000001010100010...]
Compiling architecture lut6_v of entity unisim.LUT6 [\LUT6(init="00100000001010100000...]
Compiling architecture lut6_v of entity unisim.LUT6 [\LUT6(init="00000000000000000000...]
Compiling architecture lut5_v of entity unisim.LUT5 [\LUT5(init="00110011010111111111...]
Compiling architecture lut6_v of entity unisim.LUT6 [\LUT6(init="10001010100000000000...]
Compiling architecture lut6_v of entity unisim.LUT6 [\LUT6(init="01000111010001000000...]
Compiling architecture lut6_v of entity unisim.LUT6 [\LUT6(init="00000000000010001010...]
Compiling architecture lut6_v of entity unisim.LUT6 [\LUT6(init="10001010100000000000...]
Compiling architecture lut5_v of entity unisim.LUT5 [\LUT5(init="10001010100000001000...]
Compiling architecture lut6_v of entity unisim.LUT6 [\LUT6(init="00000000000000000000...]
Compiling architecture lut6_v of entity unisim.LUT6 [\LUT6(init="11100100101000000000...]
Compiling architecture lut5_v of entity unisim.LUT5 [\LUT5(init="11001100101000000000...]
Compiling architecture lut6_v of entity unisim.LUT6 [\LUT6(init="00000000000000000000...]
Compiling architecture lut6_v of entity unisim.LUT6 [\LUT6(init="00000000000000000000...]
Compiling architecture lut6_v of entity unisim.LUT6 [\LUT6(init="00000000000000000000...]
Compiling architecture lut6_v of entity unisim.LUT6 [\LUT6(init="00000000000000000000...]
Compiling architecture lut6_v of entity unisim.LUT6 [\LUT6(init="00000000000000000000...]
Compiling architecture lut6_v of entity unisim.LUT6 [\LUT6(init="10111000001100001000...]
Compiling architecture lut6_v of entity unisim.LUT6 [\LUT6(init="01000100010001000000...]
Compiling architecture lut6_v of entity unisim.LUT6 [\LUT6(init="00000100010001110011...]
Compiling architecture lut6_v of entity unisim.LUT6 [\LUT6(init="00110011101110000000...]
Compiling architecture lut6_v of entity unisim.LUT6 [\LUT6(init="00001100010001111100...]
Compiling architecture lut5_v of entity unisim.LUT5 [\LUT5(init="00111111001111110101...]
Compiling architecture lut6_v of entity unisim.LUT6 [\LUT6(init="00110011011101000000...]
Compiling architecture lut5_v of entity unisim.LUT5 [\LUT5(init="00110000001111110101...]
Compiling architecture lut5_v of entity unisim.LUT5 [\LUT5(init="01000100010010011001...]
Compiling architecture lut6_v of entity unisim.LUT6 [\LUT6(init="00010101000101010000...]
Compiling architecture lut6_v of entity unisim.LUT6 [\LUT6(init="11001100010001000000...]
Compiling architecture lut6_v of entity unisim.LUT6 [\LUT6(init="01010101101001101010...]
Compiling architecture lut6_v of entity unisim.LUT6 [\LUT6(init="01101010011010100101...]
Compiling architecture lut6_v of entity unisim.LUT6 [\LUT6(init="00000000000000000000...]
Compiling architecture lut6_v of entity unisim.LUT6 [\LUT6(init="00000000010000000000...]
Compiling architecture lut6_v of entity unisim.LUT6 [\LUT6(init="00000011110000001100...]
Compiling architecture lut6_v of entity unisim.LUT6 [\LUT6(init="00000000010000000000...]
Compiling architecture lut5_v of entity unisim.LUT5 [\LUT5(init="00000000000000000001...]
Compiling architecture lut6_v of entity unisim.LUT6 [\LUT6(init="00011111000100000111...]
Compiling architecture lut6_v of entity unisim.LUT6 [\LUT6(init="01101010010101010110...]
Compiling architecture lut6_v of entity unisim.LUT6 [\LUT6(init="01010101100110101001...]
Compiling architecture lut6_v of entity unisim.LUT6 [\LUT6(init="10101010100101010110...]
Compiling architecture structure of entity xil_defaultlib.registro_2 [registro_2_default]
Compiling architecture lut4_v of entity unisim.LUT4 [\LUT4(init="1110001000011101")(0...]
Compiling architecture lut6_v of entity unisim.LUT6 [\LUT6(init="11111111111111111111...]
Compiling architecture lut6_v of entity unisim.LUT6 [\LUT6(init="11111111111111111111...]
Compiling architecture lut6_v of entity unisim.LUT6 [\LUT6(init="10100010000100000000...]
Compiling architecture lut6_v of entity unisim.LUT6 [\LUT6(init="11111111111111111111...]
Compiling architecture lut6_v of entity unisim.LUT6 [\LUT6(init="01000101010011000000...]
Compiling architecture lut6_v of entity unisim.LUT6 [\LUT6(init="10101011101010101010...]
Compiling architecture lut6_v of entity unisim.LUT6 [\LUT6(init="01000000000110010000...]
Compiling architecture lut4_v of entity unisim.LUT4 [\LUT4(init="0001110111100010")(0...]
Compiling architecture lut6_v of entity unisim.LUT6 [\LUT6(init="11100010000111011110...]
Compiling architecture lut6_v of entity unisim.LUT6 [\LUT6(init="11100010111000100001...]
Compiling architecture lut6_v of entity unisim.LUT6 [\LUT6(init="11100010000111010001...]
Compiling architecture lut4_v of entity unisim.LUT4 [\LUT4(init="1111111000000010")(0...]
Compiling architecture structure of entity xil_defaultlib.registro_3 [registro_3_default]
Compiling architecture structure of entity xil_defaultlib.rutaDeDatos [rutadedatos_default]
Compiling architecture lut5_v of entity unisim.LUT5 [\LUT5(init="01011111010111110101...]
Compiling architecture lut4_v of entity unisim.LUT4 [\LUT4(init="1111111011111111")(0...]
Compiling architecture lut5_v of entity unisim.LUT5 [\LUT5(init="00000000000000000000...]
Compiling architecture lut5_v of entity unisim.LUT5 [\LUT5(init="00000100000000000000...]
Compiling architecture lut3_v of entity unisim.LUT3 [\LUT3(init="00000100")(0,7)\]
Compiling architecture lut6_v of entity unisim.LUT6 [\LUT6(init="11111111111111111111...]
Compiling architecture lut5_v of entity unisim.LUT5 [\LUT5(init="00000000000000000000...]
Compiling architecture lut5_v of entity unisim.LUT5 [\LUT5(init="00000000000000000000...]
Compiling architecture lut5_v of entity unisim.LUT5 [\LUT5(init="00000000000000000000...]
Compiling architecture lut6_v of entity unisim.LUT6 [\LUT6(init="00000100000000000000...]
Compiling architecture lut3_v of entity unisim.LUT3 [\LUT3(init="00100000")(0,7)\]
Compiling architecture fdpe_v of entity unisim.FDPE [fdpe_default]
Compiling architecture lut6_v of entity unisim.LUT6 [\LUT6(init="11111111111111111111...]
Compiling architecture lut6_v of entity unisim.LUT6 [\LUT6(init="10101010101010101010...]
Compiling architecture lut6_v of entity unisim.LUT6 [\LUT6(init="01010101010101010101...]
Compiling architecture lut4_v of entity unisim.LUT4 [\LUT4(init="0101010101010111")(0...]
Compiling architecture lut6_v of entity unisim.LUT6 [\LUT6(init="00000000000000011111...]
Compiling architecture lut5_v of entity unisim.LUT5 [\LUT5(init="10010101100110011001...]
Compiling architecture lut4_v of entity unisim.LUT4 [\LUT4(init="0000001011110010")(0...]
Compiling architecture lut6_v of entity unisim.LUT6 [\LUT6(init="11110100111111111111...]
Compiling architecture lut6_v of entity unisim.LUT6 [\LUT6(init="11111111111111111111...]
Compiling architecture lut6_v of entity unisim.LUT6 [\LUT6(init="11001101110011011100...]
Compiling architecture lut6_v of entity unisim.LUT6 [\LUT6(init="00000001000000010000...]
Compiling architecture lut2_v of entity unisim.LUT2 [\LUT2(init="0001")(0,3)\]
Compiling architecture lut6_v of entity unisim.LUT6 [\LUT6(init="11110100010001001111...]
Compiling architecture lut6_v of entity unisim.LUT6 [\LUT6(init="00010001000100010001...]
Compiling architecture lut4_v of entity unisim.LUT4 [\LUT4(init="0001000100010000")(0...]
Compiling architecture lut5_v of entity unisim.LUT5 [\LUT5(init="11111010111110101111...]
Compiling architecture lut5_v of entity unisim.LUT5 [\LUT5(init="11101111111010101010...]
Compiling architecture lut6_v of entity unisim.LUT6 [\LUT6(init="00000000000000000000...]
Compiling architecture lut6_v of entity unisim.LUT6 [\LUT6(init="00000000000000000000...]
Compiling architecture lut6_v of entity unisim.LUT6 [\LUT6(init="10101010101010101010...]
Compiling architecture lut6_v of entity unisim.LUT6 [\LUT6(init="01010101010101010101...]
Compiling architecture lut6_v of entity unisim.LUT6 [\LUT6(init="00000001111111110000...]
Compiling architecture lut6_v of entity unisim.LUT6 [\LUT6(init="11111111111111111111...]
Compiling architecture lut6_v of entity unisim.LUT6 [\LUT6(init="11111111111111111111...]
Compiling architecture lut2_v of entity unisim.LUT2 [\LUT2(init="1011")(0,3)\]
Compiling architecture lut6_v of entity unisim.LUT6 [\LUT6(init="11111111111111111111...]
Compiling architecture lut5_v of entity unisim.LUT5 [\LUT5(init="01010110101001101010...]
Compiling architecture structure of entity xil_defaultlib.unidadDeControl [unidaddecontrol_default]
Compiling architecture ibuf_v of entity unisim.IBUF [\IBUF(1,9)(1,1)(1,4)(1,7)\]
Compiling architecture obuf_v of entity unisim.OBUF [\OBUF(1,9)(1,7)(1,4)\]
Compiling architecture lut1_v of entity unisim.LUT1 [\LUT1(init="0001")(0,3)\]
Compiling architecture fdre_v of entity unisim.FDRE [fdre_default]
Compiling architecture lut2_v of entity unisim.LUT2 [\LUT2(init="1110")(0,3)\]
Compiling architecture lut2_v of entity unisim.LUT2 [\LUT2(init="0111")(0,3)\]
Compiling architecture structure of entity xil_defaultlib.displays [displays_default]
Compiling architecture lut6_v of entity unisim.LUT6 [\LUT6(init="01000000010001000100...]
Compiling architecture lut4_v of entity unisim.LUT4 [\LUT4(init="0111010001000111")(0...]
Compiling architecture lut3_v of entity unisim.LUT3 [\LUT3(init="01111000")(0,7)\]
Compiling architecture lut6_v of entity unisim.LUT6 [\LUT6(init="00000000000000000000...]
Compiling architecture lut4_v of entity unisim.LUT4 [\LUT4(init="1111111111101111")(0...]
Compiling architecture lut6_v of entity unisim.LUT6 [\LUT6(init="11111111111111111111...]
Compiling architecture lut4_v of entity unisim.LUT4 [\LUT4(init="1111111111110111")(0...]
Compiling architecture lut4_v of entity unisim.LUT4 [\LUT4(init="1101111111111111")(0...]
Compiling architecture lut4_v of entity unisim.LUT4 [\LUT4(init="1111111111011111")(0...]
Compiling architecture lut6_v of entity unisim.LUT6 [\LUT6(init="01110101010101010000...]
Compiling architecture lut4_v of entity unisim.LUT4 [\LUT4(init="0100000111111111")(0...]
Compiling architecture lut3_v of entity unisim.LUT3 [\LUT3(init="10111110")(0,7)\]
Compiling architecture lut4_v of entity unisim.LUT4 [\LUT4(init="1000101010101000")(0...]
Compiling architecture lut4_v of entity unisim.LUT4 [\LUT4(init="0100010101010100")(0...]
Compiling architecture lut5_v of entity unisim.LUT5 [\LUT5(init="00000000100000001010...]
Compiling architecture structure of entity xil_defaultlib.debouncer [debouncer_default]
Compiling architecture bufg_v of entity unisim.BUFG [bufg_default]
Compiling architecture mmcme2_adv_v of entity unisim.MMCME2_ADV [\MMCME2_ADV(clkfbout_mult_f=15.6...]
Compiling architecture structure of entity xil_defaultlib.DCM_100MHz_10MHz_DCM_100MHz_10MHz_clk_wiz [dcm_100mhz_10mhz_dcm_100mhz_10mh...]
Compiling architecture structure of entity xil_defaultlib.DCM_100MHz_10MHz [dcm_100mhz_10mhz_default]
Compiling architecture structure of entity xil_defaultlib.MIPSMulticiclo [mipsmulticiclo_default]
Compiling architecture behavior of entity xil_defaultlib.testbenchmipsmulticiclo
Built simulation snapshot TestBenchMIPSMulticiclo_func_impl
