INFO: [VRFC 10-2263] Analyzing Verilog file "C:/hlocal/ExamenPasado2/MIPSMulticiclo_R3yModoDepuracion.srcs/sources_1/ip/mem32x512/sim/mem32x512.v" into library xil_defaultlib
INFO: [VRFC 10-311] analyzing module mem32x512
INFO: [VRFC 10-2263] Analyzing Verilog file "C:/hlocal/ExamenPasado2/MIPSMulticiclo_R3yModoDepuracion.srcs/sources_1/ip/DCM_100MHz_10MHz/DCM_100MHz_10MHz_clk_wiz.v" into library xil_defaultlib
INFO: [VRFC 10-311] analyzing module DCM_100MHz_10MHz_clk_wiz
INFO: [VRFC 10-2263] Analyzing Verilog file "C:/hlocal/ExamenPasado2/MIPSMulticiclo_R3yModoDepuracion.srcs/sources_1/ip/DCM_100MHz_10MHz/DCM_100MHz_10MHz.v" into library xil_defaultlib
INFO: [VRFC 10-311] analyzing module DCM_100MHz_10MHz
INFO: [VRFC 10-2263] Analyzing Verilog file "C:/hlocal/ExamenPasado2/MIPSMulticiclo_R3yModoDepuracion.sim/sim_1/behav/xsim/glbl.v" into library xil_defaultlib
INFO: [VRFC 10-311] analyzing module glbl
INFO: [VRFC 10-163] Analyzing VHDL file "C:/hlocal/ExamenPasado2/ficheros/ALU.vhd" into library xil_defaultlib
INFO: [VRFC 10-3107] analyzing entity 'ALU'
INFO: [VRFC 10-163] Analyzing VHDL file "C:/hlocal/ExamenPasado2/ficheros/MIPSMulticiclo.vhd" into library xil_defaultlib
INFO: [VRFC 10-3107] analyzing entity 'MIPSMulticiclo'
INFO: [VRFC 10-163] Analyzing VHDL file "C:/hlocal/ExamenPasado2/ficheros/bancoDeRegistros.vhd" into library xil_defaultlib
INFO: [VRFC 10-3107] analyzing entity 'bancoDeRegistros'
INFO: [VRFC 10-163] Analyzing VHDL file "C:/hlocal/ExamenPasado2/ficheros/conv_7seg.vhd" into library xil_defaultlib
INFO: [VRFC 10-3107] analyzing entity 'conv_7seg'
INFO: [VRFC 10-163] Analyzing VHDL file "C:/hlocal/ExamenPasado2/ficheros/debouncer.vhd" into library xil_defaultlib
INFO: [VRFC 10-3107] analyzing entity 'debouncer'
INFO: [VRFC 10-163] Analyzing VHDL file "C:/hlocal/ExamenPasado2/ficheros/displays.vhd" into library xil_defaultlib
INFO: [VRFC 10-3107] analyzing entity 'displays'
INFO: [VRFC 10-163] Analyzing VHDL file "C:/hlocal/ExamenPasado2/ficheros/memoria.vhd" into library xil_defaultlib
INFO: [VRFC 10-3107] analyzing entity 'memoria'
INFO: [VRFC 10-163] Analyzing VHDL file "C:/hlocal/ExamenPasado2/ficheros/multiplexor2a1.vhd" into library xil_defaultlib
INFO: [VRFC 10-3107] analyzing entity 'multiplexor2a1'
INFO: [VRFC 10-163] Analyzing VHDL file "C:/hlocal/ExamenPasado2/ficheros/multiplexor4a1.vhd" into library xil_defaultlib
INFO: [VRFC 10-3107] analyzing entity 'multiplexor4a1'
INFO: [VRFC 10-163] Analyzing VHDL file "C:/hlocal/ExamenPasado2/MIPSMulticiclo_R3yModoDepuracion.srcs/sources_1/new/multiplexor8a1.vhd" into library xil_defaultlib
INFO: [VRFC 10-3107] analyzing entity 'multiplexor8a1'
INFO: [VRFC 10-163] Analyzing VHDL file "C:/hlocal/ExamenPasado2/ficheros/registro.vhd" into library xil_defaultlib
INFO: [VRFC 10-3107] analyzing entity 'registro'
INFO: [VRFC 10-163] Analyzing VHDL file "C:/hlocal/ExamenPasado2/ficheros/rutaDeDatos.vhd" into library xil_defaultlib
INFO: [VRFC 10-3107] analyzing entity 'rutaDeDatos'
INFO: [VRFC 10-163] Analyzing VHDL file "C:/hlocal/ExamenPasado2/ficheros/unidadDeControl.vhd" into library xil_defaultlib
INFO: [VRFC 10-3107] analyzing entity 'unidadDeControl'
INFO: [VRFC 10-163] Analyzing VHDL file "C:/hlocal/ExamenPasado2/ficheros/TestBenchMIPSMulticiclo.vhd" into library xil_defaultlib
INFO: [VRFC 10-3107] analyzing entity 'TestBenchMIPSMulticiclo'
